#
# There is insufficient memory for the Java Runtime Environment to continue.
# Native memory allocation (malloc) failed to allocate 514896 bytes for Chunk::new
# Possible reasons:
#   The system is out of physical RAM or swap space
#   The process is running with CompressedOops enabled, and the Java Heap may be blocking the growth of the native heap
# Possible solutions:
#   Reduce memory load on the system
#   Increase physical memory or swap space
#   Check if swap backing store is full
#   Decrease Java heap size (-Xmx/-Xms)
#   Decrease number of Java threads
#   Decrease Java thread stack sizes (-Xss)
#   Set larger code cache with -XX:ReservedCodeCacheSize=
#   JVM is running with Unscaled Compressed Oops mode in which the Java heap is
#     placed in the first 4GB address space. The Java Heap base address is the
#     maximum limit for the native heap growth. Please use -XX:HeapBaseMinAddress
#     to set the Java Heap base and to place the Java Heap above 4GB virtual address.
# This output file may be truncated or incomplete.
#
#  Out of Memory Error (./src/hotspot/share/memory/arena.cpp:197), pid=6812, tid=20800
#
# JRE version: OpenJDK Runtime Environment (11.0.10) (build 11.0.10+0-b96-7249189)
# Java VM: OpenJDK 64-Bit Server VM (11.0.10+0-b96-7249189, mixed mode, tiered, compressed oops, g1 gc, windows-amd64)
# No core dump will be written. Minidumps are not enabled by default on client versions of Windows
#

---------------  S U M M A R Y ------------

Command Line: --add-opens=java.base/java.util=ALL-UNNAMED --add-opens=java.base/java.lang=ALL-UNNAMED --add-opens=java.base/java.lang.invoke=ALL-UNNAMED --add-opens=java.base/java.util=ALL-UNNAMED --add-opens=java.prefs/java.util.prefs=ALL-UNNAMED --add-opens=java.prefs/java.util.prefs=ALL-UNNAMED --add-opens=java.base/java.nio.charset=ALL-UNNAMED --add-opens=java.base/java.net=ALL-UNNAMED --add-opens=java.base/java.util.concurrent.atomic=ALL-UNNAMED -Xmx2048m -Dfile.encoding=UTF-8 -Duser.country=CN -Duser.language=zh -Duser.variant org.gradle.launcher.daemon.bootstrap.GradleDaemon 7.0.2

Host: Intel(R) Core(TM) i7-10870H CPU @ 2.20GHz, 16 cores, 15G,  Windows 10 , 64 bit Build 19041 (10.0.19041.1348)
Time: Thu Dec  9 19:05:16 2021 东部标准时间 elapsed time: 4.246517 seconds (0d 0h 0m 4s)

---------------  T H R E A D  ---------------

Current thread (0x00000281d2b2b000):  JavaThread "C2 CompilerThread0" daemon [_thread_in_native, id=20800, stack(0x000000fa99000000,0x000000fa99100000)]


Current CompileTask:
C2:   4246 2389       4       java.lang.reflect.ProxyGenerator$ConstantPool::getUtf8 (18 bytes)

Stack: [0x000000fa99000000,0x000000fa99100000]
Native frames: (J=compiled Java code, j=interpreted, Vv=VM code, C=native code)
V  [jvm.dll+0x5ecfaa]
V  [jvm.dll+0x722bd5]
V  [jvm.dll+0x72412d]
V  [jvm.dll+0x7247e3]
V  [jvm.dll+0x242928]
V  [jvm.dll+0xbc4fc]
V  [jvm.dll+0xbca0c]
V  [jvm.dll+0x352d7d]
V  [jvm.dll+0x320ad3]
V  [jvm.dll+0x31ffca]
V  [jvm.dll+0x1fb602]
V  [jvm.dll+0x1fa7f4]
V  [jvm.dll+0x18354c]
V  [jvm.dll+0x208ee7]
V  [jvm.dll+0x207731]
V  [jvm.dll+0x6eb1cf]
V  [jvm.dll+0x6e3d45]
V  [jvm.dll+0x5ebe96]
C  [ucrtbase.dll+0x21bb2]
C  [KERNEL32.DLL+0x17034]
C  [ntdll.dll+0x52651]


---------------  P R O C E S S  ---------------

Threads class SMR info:
_java_thread_list=0x00000281d82ff830, length=33, elements={
0x00000281b5309000, 0x00000281d2ae5800, 0x00000281d2aee000, 0x00000281d2b19800,
0x00000281d2b1a800, 0x00000281d2b1c000, 0x00000281d2b2b000, 0x00000281d2b2f800,
0x00000281d2b3d000, 0x00000281d2c98000, 0x00000281d2ca2000, 0x00000281d3bd2000,
0x00000281d4234000, 0x00000281d48ea800, 0x00000281d2f9c800, 0x00000281d3119800,
0x00000281d3bca800, 0x00000281d43ab800, 0x00000281d5479000, 0x00000281d41fb000,
0x00000281d5795800, 0x00000281d512e000, 0x00000281d5792800, 0x00000281d5794000,
0x00000281d5791800, 0x00000281d5793800, 0x00000281d5d66800, 0x00000281d5b1f800,
0x00000281d5b1e800, 0x00000281d5b1a800, 0x00000281d5b20800, 0x00000281d5b21000,
0x00000281d5b1b800
}

Java Threads: ( => current thread )
  0x00000281b5309000 JavaThread "main" [_thread_blocked, id=10392, stack(0x000000fa98400000,0x000000fa98500000)]
  0x00000281d2ae5800 JavaThread "Reference Handler" daemon [_thread_blocked, id=20908, stack(0x000000fa98b00000,0x000000fa98c00000)]
  0x00000281d2aee000 JavaThread "Finalizer" daemon [_thread_blocked, id=11480, stack(0x000000fa98c00000,0x000000fa98d00000)]
  0x00000281d2b19800 JavaThread "Signal Dispatcher" daemon [_thread_blocked, id=8796, stack(0x000000fa98d00000,0x000000fa98e00000)]
  0x00000281d2b1a800 JavaThread "Attach Listener" daemon [_thread_blocked, id=14896, stack(0x000000fa98e00000,0x000000fa98f00000)]
  0x00000281d2b1c000 JavaThread "Service Thread" daemon [_thread_blocked, id=16240, stack(0x000000fa98f00000,0x000000fa99000000)]
=>0x00000281d2b2b000 JavaThread "C2 CompilerThread0" daemon [_thread_in_native, id=20800, stack(0x000000fa99000000,0x000000fa99100000)]
  0x00000281d2b2f800 JavaThread "C1 CompilerThread0" daemon [_thread_blocked, id=14856, stack(0x000000fa99100000,0x000000fa99200000)]
  0x00000281d2b3d000 JavaThread "Sweeper thread" daemon [_thread_blocked, id=15012, stack(0x000000fa99200000,0x000000fa99300000)]
  0x00000281d2c98000 JavaThread "C1 CompilerThread1" daemon [_thread_blocked, id=4088, stack(0x000000fa99300000,0x000000fa99400000)]
  0x00000281d2ca2000 JavaThread "Common-Cleaner" daemon [_thread_blocked, id=13436, stack(0x000000fa99400000,0x000000fa99500000)]
  0x00000281d3bd2000 JavaThread "C1 CompilerThread2" daemon [_thread_blocked, id=9460, stack(0x000000fa99900000,0x000000fa99a00000)]
  0x00000281d4234000 JavaThread "C1 CompilerThread3" daemon [_thread_blocked, id=23644, stack(0x000000fa99f00000,0x000000fa9a000000)]
  0x00000281d48ea800 JavaThread "Daemon health stats" [_thread_blocked, id=14696, stack(0x000000fa9a000000,0x000000fa9a100000)]
  0x00000281d2f9c800 JavaThread "Incoming local TCP Connector on port 2579" [_thread_in_native, id=10568, stack(0x000000fa99600000,0x000000fa99700000)]
  0x00000281d3119800 JavaThread "Daemon periodic checks" [_thread_blocked, id=20684, stack(0x000000fa99700000,0x000000fa99800000)]
  0x00000281d3bca800 JavaThread "Daemon" [_thread_blocked, id=17228, stack(0x000000fa99800000,0x000000fa99900000)]
  0x00000281d43ab800 JavaThread "Handler for socket connection from /127.0.0.1:2579 to /127.0.0.1:2580" [_thread_in_native, id=15008, stack(0x000000fa9a100000,0x000000fa9a200000)]
  0x00000281d5479000 JavaThread "Cancel handler" [_thread_blocked, id=5068, stack(0x000000fa9a200000,0x000000fa9a300000)]
  0x00000281d41fb000 JavaThread "Daemon worker" [_thread_in_native, id=7980, stack(0x000000fa9a300000,0x000000fa9a400000)]
  0x00000281d5795800 JavaThread "Asynchronous log dispatcher for DefaultDaemonConnection: socket connection from /127.0.0.1:2579 to /127.0.0.1:2580" [_thread_blocked, id=23748, stack(0x000000fa9a400000,0x000000fa9a500000)]
  0x00000281d512e000 JavaThread "Stdin handler" [_thread_blocked, id=11492, stack(0x000000fa9a500000,0x000000fa9a600000)]
  0x00000281d5792800 JavaThread "Daemon client event forwarder" [_thread_blocked, id=10220, stack(0x000000fa9a600000,0x000000fa9a700000)]
  0x00000281d5794000 JavaThread "Cache worker for file hash cache (C:\Users\kaywo\.gradle\caches\7.0.2\fileHashes)" [_thread_blocked, id=11948, stack(0x000000fa9a700000,0x000000fa9a800000)]
  0x00000281d5791800 JavaThread "File lock request listener" [_thread_in_native, id=12524, stack(0x000000fa9a800000,0x000000fa9a900000)]
  0x00000281d5793800 JavaThread "Cache worker for journal cache (C:\Users\kaywo\.gradle\caches\journal-1)" [_thread_blocked, id=19392, stack(0x000000fa9b200000,0x000000fa9b300000)]
  0x00000281d5d66800 JavaThread "C2 CompilerThread1" daemon [_thread_blocked, id=13564, stack(0x000000fa9b300000,0x000000fa9b400000)]
  0x00000281d5b1f800 JavaThread "Cache worker for file hash cache (C:\Users\kaywo\Desktop\CS389team5\cs389f2021team5\CovidOneTool\.gradle\7.0.2\fileHashes)" [_thread_blocked, id=5080, stack(0x000000fa9b400000,0x000000fa9b500000)]
  0x00000281d5b1e800 JavaThread "File watcher server" daemon [_thread_in_native, id=21808, stack(0x000000fa9b500000,0x000000fa9b600000)]
  0x00000281d5b1a800 JavaThread "File watcher consumer" daemon [_thread_blocked, id=17316, stack(0x000000fa9b600000,0x000000fa9b700000)]
  0x00000281d5b20800 JavaThread "Cache worker for checksums cache (C:\Users\kaywo\Desktop\CS389team5\cs389f2021team5\CovidOneTool\.gradle\checksums)" [_thread_blocked, id=4384, stack(0x000000fa9b700000,0x000000fa9b800000)]
  0x00000281d5b21000 JavaThread "Cache worker for cache directory md-supplier (C:\Users\kaywo\.gradle\caches\7.0.2\md-supplier)" [_thread_blocked, id=21192, stack(0x000000fa9b800000,0x000000fa9b900000)]
  0x00000281d5b1b800 JavaThread "Cache worker for cache directory md-rule (C:\Users\kaywo\.gradle\caches\7.0.2\md-rule)" [_thread_blocked, id=7944, stack(0x000000fa9b900000,0x000000fa9ba00000)]

Other Threads:
  0x00000281d2a9e800 VMThread "VM Thread" [stack: 0x000000fa98a00000,0x000000fa98b00000] [id=20940]
  0x00000281d2ca3000 WatcherThread [stack: 0x000000fa99500000,0x000000fa99600000] [id=11960]
  0x00000281b5325800 GCTaskThread "GC Thread#0" [stack: 0x000000fa98500000,0x000000fa98600000] [id=17820]
  0x00000281d3cef800 GCTaskThread "GC Thread#1" [stack: 0x000000fa99a00000,0x000000fa99b00000] [id=10424]
  0x00000281d3d54000 GCTaskThread "GC Thread#2" [stack: 0x000000fa99b00000,0x000000fa99c00000] [id=9268]
  0x00000281d3ad1800 GCTaskThread "GC Thread#3" [stack: 0x000000fa99c00000,0x000000fa99d00000] [id=23796]
  0x00000281d3350000 GCTaskThread "GC Thread#4" [stack: 0x000000fa99d00000,0x000000fa99e00000] [id=7260]
  0x00000281d3dab800 GCTaskThread "GC Thread#5" [stack: 0x000000fa99e00000,0x000000fa99f00000] [id=7992]
  0x00000281d3d68000 GCTaskThread "GC Thread#6" [stack: 0x000000fa9a900000,0x000000fa9aa00000] [id=16912]
  0x00000281d4d04800 GCTaskThread "GC Thread#7" [stack: 0x000000fa9aa00000,0x000000fa9ab00000] [id=21448]
  0x00000281d541b000 GCTaskThread "GC Thread#8" [stack: 0x000000fa9ab00000,0x000000fa9ac00000] [id=24124]
  0x00000281d55f7800 GCTaskThread "GC Thread#9" [stack: 0x000000fa9ac00000,0x000000fa9ad00000] [id=14964]
  0x00000281d55f8000 GCTaskThread "GC Thread#10" [stack: 0x000000fa9ad00000,0x000000fa9ae00000] [id=24328]
  0x00000281d53d7800 GCTaskThread "GC Thread#11" [stack: 0x000000fa9ae00000,0x000000fa9af00000] [id=16668]
  0x00000281d53d8000 GCTaskThread "GC Thread#12" [stack: 0x000000fa9af00000,0x000000fa9b000000] [id=24256]
  0x00000281b5358800 ConcurrentGCThread "G1 Main Marker" [stack: 0x000000fa98600000,0x000000fa98700000] [id=24500]
  0x00000281b535a000 ConcurrentGCThread "G1 Conc#0" [stack: 0x000000fa98700000,0x000000fa98800000] [id=9388]
  0x00000281d4e0b800 ConcurrentGCThread "G1 Conc#1" [stack: 0x000000fa9b000000,0x000000fa9b100000] [id=23536]
  0x00000281d3f3f000 ConcurrentGCThread "G1 Conc#2" [stack: 0x000000fa9b100000,0x000000fa9b200000] [id=3524]
  0x00000281b53ed800 ConcurrentGCThread "G1 Refine#0" [stack: 0x000000fa98800000,0x000000fa98900000] [id=19892]
  0x00000281d20ff800 ConcurrentGCThread "G1 Young RemSet Sampling" [stack: 0x000000fa98900000,0x000000fa98a00000] [id=13332]

Threads with active compile tasks:
C2 CompilerThread0   4268 2389       4       java.lang.reflect.ProxyGenerator$ConstantPool::getUtf8 (18 bytes)
C1 CompilerThread2   4268 2633       3       org.objectweb.asm.Type::appendDescriptor (185 bytes)

VM state:not at safepoint (normal execution)

VM Mutex/Monitor currently owned by a thread: None

Heap address: 0x0000000080000000, size: 2048 MB, Compressed Oops mode: 32-bit
Narrow klass base: 0x0000000000000000, Narrow klass shift: 3
Compressed class space size: 1073741824 Address: 0x0000000100000000

Heap:
 garbage-first heap   total 260096K, used 58825K [0x0000000080000000, 0x0000000100000000)
  region size 1024K, 43 young (44032K), 2 survivors (2048K)
 Metaspace       used 28131K, capacity 28807K, committed 29056K, reserved 1075200K
  class space    used 3719K, capacity 3965K, committed 3968K, reserved 1048576K
Heap Regions: E=young(eden), S=young(survivor), O=old, HS=humongous(starts), HC=humongous(continues), CS=collection set, F=free, A=archive, TAMS=top-at-mark-start (previous, next)
|   0|0x0000000080000000, 0x0000000080100000, 0x0000000080100000|100%| O|  |TAMS 0x0000000080000000, 0x0000000080000000| Untracked 
|   1|0x0000000080100000, 0x0000000080200000, 0x0000000080200000|100%| O|  |TAMS 0x0000000080100000, 0x0000000080100000| Untracked 
|   2|0x0000000080200000, 0x0000000080300000, 0x0000000080300000|100%| O|  |TAMS 0x0000000080200000, 0x0000000080200000| Untracked 
|   3|0x0000000080300000, 0x0000000080400000, 0x0000000080400000|100%|HS|  |TAMS 0x0000000080400000, 0x0000000080300000| Complete 
|   4|0x0000000080400000, 0x0000000080500000, 0x0000000080500000|100%|HC|  |TAMS 0x0000000080500000, 0x0000000080400000| Complete 
|   5|0x0000000080500000, 0x0000000080600000, 0x0000000080600000|100%|HC|  |TAMS 0x0000000080600000, 0x0000000080500000| Complete 
|   6|0x0000000080600000, 0x0000000080700000, 0x0000000080700000|100%| O|  |TAMS 0x0000000080700000, 0x0000000080600000| Untracked 
|   7|0x0000000080700000, 0x0000000080800000, 0x0000000080800000|100%| O|  |TAMS 0x0000000080800000, 0x0000000080700000| Untracked 
|   8|0x0000000080800000, 0x0000000080900000, 0x0000000080900000|100%| O|  |TAMS 0x0000000080900000, 0x0000000080800000| Untracked 
|   9|0x0000000080900000, 0x0000000080a00000, 0x0000000080a00000|100%| O|  |TAMS 0x0000000080932a00, 0x0000000080900000| Untracked 
|  10|0x0000000080a00000, 0x0000000080b00000, 0x0000000080b00000|100%| O|  |TAMS 0x0000000080a00000, 0x0000000080a00000| Untracked 
|  11|0x0000000080b00000, 0x0000000080c00000, 0x0000000080c00000|100%| O|  |TAMS 0x0000000080b00000, 0x0000000080b00000| Untracked 
|  12|0x0000000080c00000, 0x0000000080d00000, 0x0000000080d00000|100%| O|  |TAMS 0x0000000080c00000, 0x0000000080c00000| Untracked 
|  13|0x0000000080d00000, 0x0000000080e00000, 0x0000000080e00000|100%| O|  |TAMS 0x0000000080d00000, 0x0000000080d00000| Untracked 
|  14|0x0000000080e00000, 0x0000000080f00000, 0x0000000080f00000|100%| O|  |TAMS 0x0000000080e00000, 0x0000000080e00000| Untracked 
|  15|0x0000000080f00000, 0x0000000080fafa00, 0x0000000081000000| 68%| O|  |TAMS 0x0000000080f00000, 0x0000000080f00000| Untracked 
|  16|0x0000000081000000, 0x0000000081000000, 0x0000000081100000|  0%| F|  |TAMS 0x0000000081000000, 0x0000000081000000| Untracked 
|  17|0x0000000081100000, 0x0000000081100000, 0x0000000081200000|  0%| F|  |TAMS 0x0000000081100000, 0x0000000081100000| Untracked 
|  18|0x0000000081200000, 0x0000000081200000, 0x0000000081300000|  0%| F|  |TAMS 0x0000000081200000, 0x0000000081200000| Untracked 
|  19|0x0000000081300000, 0x0000000081300000, 0x0000000081400000|  0%| F|  |TAMS 0x0000000081300000, 0x0000000081300000| Untracked 
|  20|0x0000000081400000, 0x0000000081400000, 0x0000000081500000|  0%| F|  |TAMS 0x0000000081400000, 0x0000000081400000| Untracked 
|  21|0x0000000081500000, 0x0000000081500000, 0x0000000081600000|  0%| F|  |TAMS 0x0000000081500000, 0x0000000081500000| Untracked 
|  22|0x0000000081600000, 0x0000000081600000, 0x0000000081700000|  0%| F|  |TAMS 0x0000000081600000, 0x0000000081600000| Untracked 
|  23|0x0000000081700000, 0x0000000081700000, 0x0000000081800000|  0%| F|  |TAMS 0x0000000081700000, 0x0000000081700000| Untracked 
|  24|0x0000000081800000, 0x0000000081800000, 0x0000000081900000|  0%| F|  |TAMS 0x0000000081800000, 0x0000000081800000| Untracked 
|  25|0x0000000081900000, 0x0000000081900000, 0x0000000081a00000|  0%| F|  |TAMS 0x0000000081900000, 0x0000000081900000| Untracked 
|  26|0x0000000081a00000, 0x0000000081a00000, 0x0000000081b00000|  0%| F|  |TAMS 0x0000000081a00000, 0x0000000081a00000| Untracked 
|  27|0x0000000081b00000, 0x0000000081b00000, 0x0000000081c00000|  0%| F|  |TAMS 0x0000000081b00000, 0x0000000081b00000| Untracked 
|  28|0x0000000081c00000, 0x0000000081c00000, 0x0000000081d00000|  0%| F|  |TAMS 0x0000000081c00000, 0x0000000081c00000| Untracked 
|  29|0x0000000081d00000, 0x0000000081d00000, 0x0000000081e00000|  0%| F|  |TAMS 0x0000000081d00000, 0x0000000081d00000| Untracked 
|  30|0x0000000081e00000, 0x0000000081e00000, 0x0000000081f00000|  0%| F|  |TAMS 0x0000000081e00000, 0x0000000081e00000| Untracked 
|  31|0x0000000081f00000, 0x0000000081f00000, 0x0000000082000000|  0%| F|  |TAMS 0x0000000081f00000, 0x0000000081f00000| Untracked 
|  32|0x0000000082000000, 0x0000000082000000, 0x0000000082100000|  0%| F|  |TAMS 0x0000000082000000, 0x0000000082000000| Untracked 
|  33|0x0000000082100000, 0x0000000082100000, 0x0000000082200000|  0%| F|  |TAMS 0x0000000082100000, 0x0000000082100000| Untracked 
|  34|0x0000000082200000, 0x0000000082200000, 0x0000000082300000|  0%| F|  |TAMS 0x0000000082200000, 0x0000000082200000| Untracked 
|  35|0x0000000082300000, 0x0000000082300000, 0x0000000082400000|  0%| F|  |TAMS 0x0000000082300000, 0x0000000082300000| Untracked 
|  36|0x0000000082400000, 0x0000000082400000, 0x0000000082500000|  0%| F|  |TAMS 0x0000000082400000, 0x0000000082400000| Untracked 
|  37|0x0000000082500000, 0x0000000082500000, 0x0000000082600000|  0%| F|  |TAMS 0x0000000082500000, 0x0000000082500000| Untracked 
|  38|0x0000000082600000, 0x0000000082600000, 0x0000000082700000|  0%| F|  |TAMS 0x0000000082600000, 0x0000000082600000| Untracked 
|  39|0x0000000082700000, 0x0000000082700000, 0x0000000082800000|  0%| F|  |TAMS 0x0000000082700000, 0x0000000082700000| Untracked 
|  40|0x0000000082800000, 0x0000000082800000, 0x0000000082900000|  0%| F|  |TAMS 0x0000000082800000, 0x0000000082800000| Untracked 
|  41|0x0000000082900000, 0x0000000082900000, 0x0000000082a00000|  0%| F|  |TAMS 0x0000000082900000, 0x0000000082900000| Untracked 
|  42|0x0000000082a00000, 0x0000000082a00000, 0x0000000082b00000|  0%| F|  |TAMS 0x0000000082a00000, 0x0000000082a00000| Untracked 
|  43|0x0000000082b00000, 0x0000000082b00000, 0x0000000082c00000|  0%| F|  |TAMS 0x0000000082b00000, 0x0000000082b00000| Untracked 
|  44|0x0000000082c00000, 0x0000000082c00000, 0x0000000082d00000|  0%| F|  |TAMS 0x0000000082c00000, 0x0000000082c00000| Untracked 
|  45|0x0000000082d00000, 0x0000000082d00000, 0x0000000082e00000|  0%| F|  |TAMS 0x0000000082d00000, 0x0000000082d00000| Untracked 
|  46|0x0000000082e00000, 0x0000000082e00000, 0x0000000082f00000|  0%| F|  |TAMS 0x0000000082e00000, 0x0000000082e00000| Untracked 
|  47|0x0000000082f00000, 0x0000000082f00000, 0x0000000083000000|  0%| F|  |TAMS 0x0000000082f00000, 0x0000000082f00000| Untracked 
|  48|0x0000000083000000, 0x0000000083000000, 0x0000000083100000|  0%| F|  |TAMS 0x0000000083000000, 0x0000000083000000| Untracked 
|  49|0x0000000083100000, 0x0000000083100000, 0x0000000083200000|  0%| F|  |TAMS 0x0000000083100000, 0x0000000083100000| Untracked 
|  50|0x0000000083200000, 0x0000000083200000, 0x0000000083300000|  0%| F|  |TAMS 0x0000000083200000, 0x0000000083200000| Untracked 
|  51|0x0000000083300000, 0x0000000083300000, 0x0000000083400000|  0%| F|  |TAMS 0x0000000083300000, 0x0000000083300000| Untracked 
|  52|0x0000000083400000, 0x0000000083400000, 0x0000000083500000|  0%| F|  |TAMS 0x0000000083400000, 0x0000000083400000| Untracked 
|  53|0x0000000083500000, 0x0000000083500000, 0x0000000083600000|  0%| F|  |TAMS 0x0000000083500000, 0x0000000083500000| Untracked 
|  54|0x0000000083600000, 0x0000000083600000, 0x0000000083700000|  0%| F|  |TAMS 0x0000000083600000, 0x0000000083600000| Untracked 
|  55|0x0000000083700000, 0x0000000083700000, 0x0000000083800000|  0%| F|  |TAMS 0x0000000083700000, 0x0000000083700000| Untracked 
|  56|0x0000000083800000, 0x0000000083800000, 0x0000000083900000|  0%| F|  |TAMS 0x0000000083800000, 0x0000000083800000| Untracked 
|  57|0x0000000083900000, 0x0000000083900000, 0x0000000083a00000|  0%| F|  |TAMS 0x0000000083900000, 0x0000000083900000| Untracked 
|  58|0x0000000083a00000, 0x0000000083a00000, 0x0000000083b00000|  0%| F|  |TAMS 0x0000000083a00000, 0x0000000083a00000| Untracked 
|  59|0x0000000083b00000, 0x0000000083b00000, 0x0000000083c00000|  0%| F|  |TAMS 0x0000000083b00000, 0x0000000083b00000| Untracked 
|  60|0x0000000083c00000, 0x0000000083c00000, 0x0000000083d00000|  0%| F|  |TAMS 0x0000000083c00000, 0x0000000083c00000| Untracked 
|  61|0x0000000083d00000, 0x0000000083d00000, 0x0000000083e00000|  0%| F|  |TAMS 0x0000000083d00000, 0x0000000083d00000| Untracked 
|  62|0x0000000083e00000, 0x0000000083e00000, 0x0000000083f00000|  0%| F|  |TAMS 0x0000000083e00000, 0x0000000083e00000| Untracked 
|  63|0x0000000083f00000, 0x0000000083f00000, 0x0000000084000000|  0%| F|  |TAMS 0x0000000083f00000, 0x0000000083f00000| Untracked 
|  64|0x0000000084000000, 0x0000000084000000, 0x0000000084100000|  0%| F|  |TAMS 0x0000000084000000, 0x0000000084000000| Untracked 
|  65|0x0000000084100000, 0x0000000084100000, 0x0000000084200000|  0%| F|  |TAMS 0x0000000084100000, 0x0000000084100000| Untracked 
|  66|0x0000000084200000, 0x0000000084200000, 0x0000000084300000|  0%| F|  |TAMS 0x0000000084200000, 0x0000000084200000| Untracked 
|  67|0x0000000084300000, 0x0000000084300000, 0x0000000084400000|  0%| F|  |TAMS 0x0000000084300000, 0x0000000084300000| Untracked 
|  68|0x0000000084400000, 0x0000000084400000, 0x0000000084500000|  0%| F|  |TAMS 0x0000000084400000, 0x0000000084400000| Untracked 
|  69|0x0000000084500000, 0x0000000084500000, 0x0000000084600000|  0%| F|  |TAMS 0x0000000084500000, 0x0000000084500000| Untracked 
|  70|0x0000000084600000, 0x0000000084600000, 0x0000000084700000|  0%| F|  |TAMS 0x0000000084600000, 0x0000000084600000| Untracked 
|  71|0x0000000084700000, 0x0000000084700000, 0x0000000084800000|  0%| F|  |TAMS 0x0000000084700000, 0x0000000084700000| Untracked 
|  72|0x0000000084800000, 0x0000000084800000, 0x0000000084900000|  0%| F|  |TAMS 0x0000000084800000, 0x0000000084800000| Untracked 
|  73|0x0000000084900000, 0x0000000084900000, 0x0000000084a00000|  0%| F|  |TAMS 0x0000000084900000, 0x0000000084900000| Untracked 
|  74|0x0000000084a00000, 0x0000000084a00000, 0x0000000084b00000|  0%| F|  |TAMS 0x0000000084a00000, 0x0000000084a00000| Untracked 
|  75|0x0000000084b00000, 0x0000000084b00000, 0x0000000084c00000|  0%| F|  |TAMS 0x0000000084b00000, 0x0000000084b00000| Untracked 
|  76|0x0000000084c00000, 0x0000000084c00000, 0x0000000084d00000|  0%| F|  |TAMS 0x0000000084c00000, 0x0000000084c00000| Untracked 
|  77|0x0000000084d00000, 0x0000000084d00000, 0x0000000084e00000|  0%| F|  |TAMS 0x0000000084d00000, 0x0000000084d00000| Untracked 
|  78|0x0000000084e00000, 0x0000000084e00000, 0x0000000084f00000|  0%| F|  |TAMS 0x0000000084e00000, 0x0000000084e00000| Untracked 
|  79|0x0000000084f00000, 0x0000000084f00000, 0x0000000085000000|  0%| F|  |TAMS 0x0000000084f00000, 0x0000000084f00000| Untracked 
|  80|0x0000000085000000, 0x0000000085000000, 0x0000000085100000|  0%| F|  |TAMS 0x0000000085000000, 0x0000000085000000| Untracked 
|  81|0x0000000085100000, 0x0000000085100000, 0x0000000085200000|  0%| F|  |TAMS 0x0000000085100000, 0x0000000085100000| Untracked 
|  82|0x0000000085200000, 0x0000000085200000, 0x0000000085300000|  0%| F|  |TAMS 0x0000000085200000, 0x0000000085200000| Untracked 
|  83|0x0000000085300000, 0x0000000085300000, 0x0000000085400000|  0%| F|  |TAMS 0x0000000085300000, 0x0000000085300000| Untracked 
|  84|0x0000000085400000, 0x0000000085400000, 0x0000000085500000|  0%| F|  |TAMS 0x0000000085400000, 0x0000000085400000| Untracked 
|  85|0x0000000085500000, 0x0000000085500000, 0x0000000085600000|  0%| F|  |TAMS 0x0000000085500000, 0x0000000085500000| Untracked 
|  86|0x0000000085600000, 0x0000000085600000, 0x0000000085700000|  0%| F|  |TAMS 0x0000000085600000, 0x0000000085600000| Untracked 
|  87|0x0000000085700000, 0x0000000085700000, 0x0000000085800000|  0%| F|  |TAMS 0x0000000085700000, 0x0000000085700000| Untracked 
|  88|0x0000000085800000, 0x0000000085800000, 0x0000000085900000|  0%| F|  |TAMS 0x0000000085800000, 0x0000000085800000| Untracked 
|  89|0x0000000085900000, 0x0000000085900000, 0x0000000085a00000|  0%| F|  |TAMS 0x0000000085900000, 0x0000000085900000| Untracked 
|  90|0x0000000085a00000, 0x0000000085a00000, 0x0000000085b00000|  0%| F|  |TAMS 0x0000000085a00000, 0x0000000085a00000| Untracked 
|  91|0x0000000085b00000, 0x0000000085b00000, 0x0000000085c00000|  0%| F|  |TAMS 0x0000000085b00000, 0x0000000085b00000| Untracked 
|  92|0x0000000085c00000, 0x0000000085c00000, 0x0000000085d00000|  0%| F|  |TAMS 0x0000000085c00000, 0x0000000085c00000| Untracked 
|  93|0x0000000085d00000, 0x0000000085d00000, 0x0000000085e00000|  0%| F|  |TAMS 0x0000000085d00000, 0x0000000085d00000| Untracked 
|  94|0x0000000085e00000, 0x0000000085e00000, 0x0000000085f00000|  0%| F|  |TAMS 0x0000000085e00000, 0x0000000085e00000| Untracked 
|  95|0x0000000085f00000, 0x0000000085f00000, 0x0000000086000000|  0%| F|  |TAMS 0x0000000085f00000, 0x0000000085f00000| Untracked 
|  96|0x0000000086000000, 0x0000000086000000, 0x0000000086100000|  0%| F|  |TAMS 0x0000000086000000, 0x0000000086000000| Untracked 
|  97|0x0000000086100000, 0x0000000086100000, 0x0000000086200000|  0%| F|  |TAMS 0x0000000086100000, 0x0000000086100000| Untracked 
|  98|0x0000000086200000, 0x0000000086200000, 0x0000000086300000|  0%| F|  |TAMS 0x0000000086200000, 0x0000000086200000| Untracked 
|  99|0x0000000086300000, 0x0000000086300000, 0x0000000086400000|  0%| F|  |TAMS 0x0000000086300000, 0x0000000086300000| Untracked 
| 100|0x0000000086400000, 0x0000000086400000, 0x0000000086500000|  0%| F|  |TAMS 0x0000000086400000, 0x0000000086400000| Untracked 
| 101|0x0000000086500000, 0x0000000086500000, 0x0000000086600000|  0%| F|  |TAMS 0x0000000086500000, 0x0000000086500000| Untracked 
| 102|0x0000000086600000, 0x0000000086600000, 0x0000000086700000|  0%| F|  |TAMS 0x0000000086600000, 0x0000000086600000| Untracked 
| 103|0x0000000086700000, 0x0000000086700000, 0x0000000086800000|  0%| F|  |TAMS 0x0000000086700000, 0x0000000086700000| Untracked 
| 104|0x0000000086800000, 0x0000000086800000, 0x0000000086900000|  0%| F|  |TAMS 0x0000000086800000, 0x0000000086800000| Untracked 
| 105|0x0000000086900000, 0x0000000086900000, 0x0000000086a00000|  0%| F|  |TAMS 0x0000000086900000, 0x0000000086900000| Untracked 
| 106|0x0000000086a00000, 0x0000000086a00000, 0x0000000086b00000|  0%| F|  |TAMS 0x0000000086a00000, 0x0000000086a00000| Untracked 
| 107|0x0000000086b00000, 0x0000000086b00000, 0x0000000086c00000|  0%| F|  |TAMS 0x0000000086b00000, 0x0000000086b00000| Untracked 
| 108|0x0000000086c00000, 0x0000000086c00000, 0x0000000086d00000|  0%| F|  |TAMS 0x0000000086c00000, 0x0000000086c00000| Untracked 
| 109|0x0000000086d00000, 0x0000000086d00000, 0x0000000086e00000|  0%| F|  |TAMS 0x0000000086d00000, 0x0000000086d00000| Untracked 
| 110|0x0000000086e00000, 0x0000000086e00000, 0x0000000086f00000|  0%| F|  |TAMS 0x0000000086e00000, 0x0000000086e00000| Untracked 
| 111|0x0000000086f00000, 0x0000000086f00000, 0x0000000087000000|  0%| F|  |TAMS 0x0000000086f00000, 0x0000000086f00000| Untracked 
| 112|0x0000000087000000, 0x0000000087000000, 0x0000000087100000|  0%| F|  |TAMS 0x0000000087000000, 0x0000000087000000| Untracked 
| 113|0x0000000087100000, 0x0000000087100000, 0x0000000087200000|  0%| F|  |TAMS 0x0000000087100000, 0x0000000087100000| Untracked 
| 114|0x0000000087200000, 0x0000000087200000, 0x0000000087300000|  0%| F|  |TAMS 0x0000000087200000, 0x0000000087200000| Untracked 
| 115|0x0000000087300000, 0x0000000087300000, 0x0000000087400000|  0%| F|  |TAMS 0x0000000087300000, 0x0000000087300000| Untracked 
| 116|0x0000000087400000, 0x0000000087400000, 0x0000000087500000|  0%| F|  |TAMS 0x0000000087400000, 0x0000000087400000| Untracked 
| 117|0x0000000087500000, 0x0000000087500000, 0x0000000087600000|  0%| F|  |TAMS 0x0000000087500000, 0x0000000087500000| Untracked 
| 118|0x0000000087600000, 0x0000000087600000, 0x0000000087700000|  0%| F|  |TAMS 0x0000000087600000, 0x0000000087600000| Untracked 
| 119|0x0000000087700000, 0x0000000087700000, 0x0000000087800000|  0%| F|  |TAMS 0x0000000087700000, 0x0000000087700000| Untracked 
| 120|0x0000000087800000, 0x0000000087800000, 0x0000000087900000|  0%| F|  |TAMS 0x0000000087800000, 0x0000000087800000| Untracked 
| 121|0x0000000087900000, 0x0000000087900000, 0x0000000087a00000|  0%| F|  |TAMS 0x0000000087900000, 0x0000000087900000| Untracked 
| 122|0x0000000087a00000, 0x0000000087a00000, 0x0000000087b00000|  0%| F|  |TAMS 0x0000000087a00000, 0x0000000087a00000| Untracked 
| 123|0x0000000087b00000, 0x0000000087b00000, 0x0000000087c00000|  0%| F|  |TAMS 0x0000000087b00000, 0x0000000087b00000| Untracked 
| 124|0x0000000087c00000, 0x0000000087c00000, 0x0000000087d00000|  0%| F|  |TAMS 0x0000000087c00000, 0x0000000087c00000| Untracked 
| 125|0x0000000087d00000, 0x0000000087d00000, 0x0000000087e00000|  0%| F|  |TAMS 0x0000000087d00000, 0x0000000087d00000| Untracked 
| 126|0x0000000087e00000, 0x0000000087e00000, 0x0000000087f00000|  0%| F|  |TAMS 0x0000000087e00000, 0x0000000087e00000| Untracked 
| 127|0x0000000087f00000, 0x0000000087f00000, 0x0000000088000000|  0%| F|  |TAMS 0x0000000087f00000, 0x0000000087f00000| Untracked 
| 128|0x0000000088000000, 0x0000000088000000, 0x0000000088100000|  0%| F|  |TAMS 0x0000000088000000, 0x0000000088000000| Untracked 
| 129|0x0000000088100000, 0x0000000088100000, 0x0000000088200000|  0%| F|  |TAMS 0x0000000088100000, 0x0000000088100000| Untracked 
| 130|0x0000000088200000, 0x0000000088200000, 0x0000000088300000|  0%| F|  |TAMS 0x0000000088200000, 0x0000000088200000| Untracked 
| 131|0x0000000088300000, 0x0000000088300000, 0x0000000088400000|  0%| F|  |TAMS 0x0000000088300000, 0x0000000088300000| Untracked 
| 132|0x0000000088400000, 0x0000000088400000, 0x0000000088500000|  0%| F|  |TAMS 0x0000000088400000, 0x0000000088400000| Untracked 
| 133|0x0000000088500000, 0x0000000088500000, 0x0000000088600000|  0%| F|  |TAMS 0x0000000088500000, 0x0000000088500000| Untracked 
| 134|0x0000000088600000, 0x0000000088600000, 0x0000000088700000|  0%| F|  |TAMS 0x0000000088600000, 0x0000000088600000| Untracked 
| 135|0x0000000088700000, 0x0000000088700000, 0x0000000088800000|  0%| F|  |TAMS 0x0000000088700000, 0x0000000088700000| Untracked 
| 136|0x0000000088800000, 0x0000000088800000, 0x0000000088900000|  0%| F|  |TAMS 0x0000000088800000, 0x0000000088800000| Untracked 
| 137|0x0000000088900000, 0x0000000088900000, 0x0000000088a00000|  0%| F|  |TAMS 0x0000000088900000, 0x0000000088900000| Untracked 
| 138|0x0000000088a00000, 0x0000000088a00000, 0x0000000088b00000|  0%| F|  |TAMS 0x0000000088a00000, 0x0000000088a00000| Untracked 
| 139|0x0000000088b00000, 0x0000000088b00000, 0x0000000088c00000|  0%| F|  |TAMS 0x0000000088b00000, 0x0000000088b00000| Untracked 
| 140|0x0000000088c00000, 0x0000000088c00000, 0x0000000088d00000|  0%| F|  |TAMS 0x0000000088c00000, 0x0000000088c00000| Untracked 
| 141|0x0000000088d00000, 0x0000000088d00000, 0x0000000088e00000|  0%| F|  |TAMS 0x0000000088d00000, 0x0000000088d00000| Untracked 
| 142|0x0000000088e00000, 0x0000000088e00000, 0x0000000088f00000|  0%| F|  |TAMS 0x0000000088e00000, 0x0000000088e00000| Untracked 
| 143|0x0000000088f00000, 0x0000000088f00000, 0x0000000089000000|  0%| F|  |TAMS 0x0000000088f00000, 0x0000000088f00000| Untracked 
| 144|0x0000000089000000, 0x0000000089000000, 0x0000000089100000|  0%| F|  |TAMS 0x0000000089000000, 0x0000000089000000| Untracked 
| 145|0x0000000089100000, 0x0000000089100000, 0x0000000089200000|  0%| F|  |TAMS 0x0000000089100000, 0x0000000089100000| Untracked 
| 146|0x0000000089200000, 0x0000000089200000, 0x0000000089300000|  0%| F|  |TAMS 0x0000000089200000, 0x0000000089200000| Untracked 
| 147|0x0000000089300000, 0x0000000089300000, 0x0000000089400000|  0%| F|  |TAMS 0x0000000089300000, 0x0000000089300000| Untracked 
| 148|0x0000000089400000, 0x0000000089400000, 0x0000000089500000|  0%| F|  |TAMS 0x0000000089400000, 0x0000000089400000| Untracked 
| 149|0x0000000089500000, 0x0000000089500000, 0x0000000089600000|  0%| F|  |TAMS 0x0000000089500000, 0x0000000089500000| Untracked 
| 150|0x0000000089600000, 0x0000000089600000, 0x0000000089700000|  0%| F|  |TAMS 0x0000000089600000, 0x0000000089600000| Untracked 
| 151|0x0000000089700000, 0x0000000089700000, 0x0000000089800000|  0%| F|  |TAMS 0x0000000089700000, 0x0000000089700000| Untracked 
| 152|0x0000000089800000, 0x0000000089800000, 0x0000000089900000|  0%| F|  |TAMS 0x0000000089800000, 0x0000000089800000| Untracked 
| 153|0x0000000089900000, 0x0000000089900000, 0x0000000089a00000|  0%| F|  |TAMS 0x0000000089900000, 0x0000000089900000| Untracked 
| 154|0x0000000089a00000, 0x0000000089a00000, 0x0000000089b00000|  0%| F|  |TAMS 0x0000000089a00000, 0x0000000089a00000| Untracked 
| 155|0x0000000089b00000, 0x0000000089b00000, 0x0000000089c00000|  0%| F|  |TAMS 0x0000000089b00000, 0x0000000089b00000| Untracked 
| 156|0x0000000089c00000, 0x0000000089c00000, 0x0000000089d00000|  0%| F|  |TAMS 0x0000000089c00000, 0x0000000089c00000| Untracked 
| 157|0x0000000089d00000, 0x0000000089d00000, 0x0000000089e00000|  0%| F|  |TAMS 0x0000000089d00000, 0x0000000089d00000| Untracked 
| 158|0x0000000089e00000, 0x0000000089e00000, 0x0000000089f00000|  0%| F|  |TAMS 0x0000000089e00000, 0x0000000089e00000| Untracked 
| 159|0x0000000089f00000, 0x0000000089f00000, 0x000000008a000000|  0%| F|  |TAMS 0x0000000089f00000, 0x0000000089f00000| Untracked 
| 160|0x000000008a000000, 0x000000008a000000, 0x000000008a100000|  0%| F|  |TAMS 0x000000008a000000, 0x000000008a000000| Untracked 
| 161|0x000000008a100000, 0x000000008a100000, 0x000000008a200000|  0%| F|  |TAMS 0x000000008a100000, 0x000000008a100000| Untracked 
| 162|0x000000008a200000, 0x000000008a200000, 0x000000008a300000|  0%| F|  |TAMS 0x000000008a200000, 0x000000008a200000| Untracked 
| 163|0x000000008a300000, 0x000000008a300000, 0x000000008a400000|  0%| F|  |TAMS 0x000000008a300000, 0x000000008a300000| Untracked 
| 164|0x000000008a400000, 0x000000008a400000, 0x000000008a500000|  0%| F|  |TAMS 0x000000008a400000, 0x000000008a400000| Untracked 
| 165|0x000000008a500000, 0x000000008a500000, 0x000000008a600000|  0%| F|  |TAMS 0x000000008a500000, 0x000000008a500000| Untracked 
| 166|0x000000008a600000, 0x000000008a600000, 0x000000008a700000|  0%| F|  |TAMS 0x000000008a600000, 0x000000008a600000| Untracked 
| 167|0x000000008a700000, 0x000000008a700000, 0x000000008a800000|  0%| F|  |TAMS 0x000000008a700000, 0x000000008a700000| Untracked 
| 168|0x000000008a800000, 0x000000008a800000, 0x000000008a900000|  0%| F|  |TAMS 0x000000008a800000, 0x000000008a800000| Untracked 
| 169|0x000000008a900000, 0x000000008a900000, 0x000000008aa00000|  0%| F|  |TAMS 0x000000008a900000, 0x000000008a900000| Untracked 
| 170|0x000000008aa00000, 0x000000008aa00000, 0x000000008ab00000|  0%| F|  |TAMS 0x000000008aa00000, 0x000000008aa00000| Untracked 
| 171|0x000000008ab00000, 0x000000008ab00000, 0x000000008ac00000|  0%| F|  |TAMS 0x000000008ab00000, 0x000000008ab00000| Untracked 
| 172|0x000000008ac00000, 0x000000008ac00000, 0x000000008ad00000|  0%| F|  |TAMS 0x000000008ac00000, 0x000000008ac00000| Untracked 
| 173|0x000000008ad00000, 0x000000008ad00000, 0x000000008ae00000|  0%| F|  |TAMS 0x000000008ad00000, 0x000000008ad00000| Untracked 
| 174|0x000000008ae00000, 0x000000008ae00000, 0x000000008af00000|  0%| F|  |TAMS 0x000000008ae00000, 0x000000008ae00000| Untracked 
| 175|0x000000008af00000, 0x000000008af00000, 0x000000008b000000|  0%| F|  |TAMS 0x000000008af00000, 0x000000008af00000| Untracked 
| 176|0x000000008b000000, 0x000000008b000000, 0x000000008b100000|  0%| F|  |TAMS 0x000000008b000000, 0x000000008b000000| Untracked 
| 177|0x000000008b100000, 0x000000008b100000, 0x000000008b200000|  0%| F|  |TAMS 0x000000008b100000, 0x000000008b100000| Untracked 
| 178|0x000000008b200000, 0x000000008b200000, 0x000000008b300000|  0%| F|  |TAMS 0x000000008b200000, 0x000000008b200000| Untracked 
| 179|0x000000008b300000, 0x000000008b300000, 0x000000008b400000|  0%| F|  |TAMS 0x000000008b300000, 0x000000008b300000| Untracked 
| 180|0x000000008b400000, 0x000000008b400000, 0x000000008b500000|  0%| F|  |TAMS 0x000000008b400000, 0x000000008b400000| Untracked 
| 181|0x000000008b500000, 0x000000008b500000, 0x000000008b600000|  0%| F|  |TAMS 0x000000008b500000, 0x000000008b500000| Untracked 
| 182|0x000000008b600000, 0x000000008b600000, 0x000000008b700000|  0%| F|  |TAMS 0x000000008b600000, 0x000000008b600000| Untracked 
| 183|0x000000008b700000, 0x000000008b700000, 0x000000008b800000|  0%| F|  |TAMS 0x000000008b700000, 0x000000008b700000| Untracked 
| 184|0x000000008b800000, 0x000000008b800000, 0x000000008b900000|  0%| F|  |TAMS 0x000000008b800000, 0x000000008b800000| Untracked 
| 185|0x000000008b900000, 0x000000008b900000, 0x000000008ba00000|  0%| F|  |TAMS 0x000000008b900000, 0x000000008b900000| Untracked 
| 186|0x000000008ba00000, 0x000000008ba00000, 0x000000008bb00000|  0%| F|  |TAMS 0x000000008ba00000, 0x000000008ba00000| Untracked 
| 187|0x000000008bb00000, 0x000000008bb00000, 0x000000008bc00000|  0%| F|  |TAMS 0x000000008bb00000, 0x000000008bb00000| Untracked 
| 188|0x000000008bc00000, 0x000000008bc00000, 0x000000008bd00000|  0%| F|  |TAMS 0x000000008bc00000, 0x000000008bc00000| Untracked 
| 189|0x000000008bd00000, 0x000000008bd00000, 0x000000008be00000|  0%| F|  |TAMS 0x000000008bd00000, 0x000000008bd00000| Untracked 
| 190|0x000000008be00000, 0x000000008be00000, 0x000000008bf00000|  0%| F|  |TAMS 0x000000008be00000, 0x000000008be00000| Untracked 
| 191|0x000000008bf00000, 0x000000008bf00000, 0x000000008c000000|  0%| F|  |TAMS 0x000000008bf00000, 0x000000008bf00000| Untracked 
| 192|0x000000008c000000, 0x000000008c000000, 0x000000008c100000|  0%| F|  |TAMS 0x000000008c000000, 0x000000008c000000| Untracked 
| 193|0x000000008c100000, 0x000000008c100000, 0x000000008c200000|  0%| F|  |TAMS 0x000000008c100000, 0x000000008c100000| Untracked 
| 194|0x000000008c200000, 0x000000008c200000, 0x000000008c300000|  0%| F|  |TAMS 0x000000008c200000, 0x000000008c200000| Untracked 
| 195|0x000000008c300000, 0x000000008c300000, 0x000000008c400000|  0%| F|  |TAMS 0x000000008c300000, 0x000000008c300000| Untracked 
| 196|0x000000008c400000, 0x000000008c400000, 0x000000008c500000|  0%| F|  |TAMS 0x000000008c400000, 0x000000008c400000| Untracked 
| 197|0x000000008c500000, 0x000000008c500000, 0x000000008c600000|  0%| F|  |TAMS 0x000000008c500000, 0x000000008c500000| Untracked 
| 198|0x000000008c600000, 0x000000008c600000, 0x000000008c700000|  0%| F|  |TAMS 0x000000008c600000, 0x000000008c600000| Untracked 
| 199|0x000000008c700000, 0x000000008c700000, 0x000000008c800000|  0%| F|  |TAMS 0x000000008c700000, 0x000000008c700000| Untracked 
| 200|0x000000008c800000, 0x000000008c800000, 0x000000008c900000|  0%| F|  |TAMS 0x000000008c800000, 0x000000008c800000| Untracked 
| 201|0x000000008c900000, 0x000000008c900000, 0x000000008ca00000|  0%| F|  |TAMS 0x000000008c900000, 0x000000008c900000| Untracked 
| 202|0x000000008ca00000, 0x000000008ca00000, 0x000000008cb00000|  0%| F|  |TAMS 0x000000008ca00000, 0x000000008ca00000| Untracked 
| 203|0x000000008cb00000, 0x000000008cb00000, 0x000000008cc00000|  0%| F|  |TAMS 0x000000008cb00000, 0x000000008cb00000| Untracked 
| 204|0x000000008cc00000, 0x000000008cc00000, 0x000000008cd00000|  0%| F|  |TAMS 0x000000008cc00000, 0x000000008cc00000| Untracked 
| 205|0x000000008cd00000, 0x000000008cd00000, 0x000000008ce00000|  0%| F|  |TAMS 0x000000008cd00000, 0x000000008cd00000| Untracked 
| 206|0x000000008ce00000, 0x000000008ce00000, 0x000000008cf00000|  0%| F|  |TAMS 0x000000008ce00000, 0x000000008ce00000| Untracked 
| 207|0x000000008cf00000, 0x000000008cf00000, 0x000000008d000000|  0%| F|  |TAMS 0x000000008cf00000, 0x000000008cf00000| Untracked 
| 208|0x000000008d000000, 0x000000008d000000, 0x000000008d100000|  0%| F|  |TAMS 0x000000008d000000, 0x000000008d000000| Untracked 
| 209|0x000000008d100000, 0x000000008d100000, 0x000000008d200000|  0%| F|  |TAMS 0x000000008d100000, 0x000000008d100000| Untracked 
| 210|0x000000008d200000, 0x000000008d280800, 0x000000008d300000| 50%| E|  |TAMS 0x000000008d200000, 0x000000008d200000| Complete 
| 211|0x000000008d300000, 0x000000008d400000, 0x000000008d400000|100%| E|CS|TAMS 0x000000008d300000, 0x000000008d300000| Complete 
| 212|0x000000008d400000, 0x000000008d500000, 0x000000008d500000|100%| E|CS|TAMS 0x000000008d400000, 0x000000008d400000| Complete 
| 213|0x000000008d500000, 0x000000008d600000, 0x000000008d600000|100%| E|CS|TAMS 0x000000008d500000, 0x000000008d500000| Complete 
| 214|0x000000008d600000, 0x000000008d700000, 0x000000008d700000|100%| E|CS|TAMS 0x000000008d600000, 0x000000008d600000| Complete 
| 215|0x000000008d700000, 0x000000008d7c2d90, 0x000000008d800000| 76%| S|CS|TAMS 0x000000008d700000, 0x000000008d700000| Complete 
| 216|0x000000008d800000, 0x000000008d900000, 0x000000008d900000|100%| S|CS|TAMS 0x000000008d800000, 0x000000008d800000| Complete 
| 217|0x000000008d900000, 0x000000008da00000, 0x000000008da00000|100%| E|CS|TAMS 0x000000008d900000, 0x000000008d900000| Complete 
| 218|0x000000008da00000, 0x000000008db00000, 0x000000008db00000|100%| E|CS|TAMS 0x000000008da00000, 0x000000008da00000| Complete 
| 219|0x000000008db00000, 0x000000008dc00000, 0x000000008dc00000|100%| E|CS|TAMS 0x000000008db00000, 0x000000008db00000| Complete 
| 220|0x000000008dc00000, 0x000000008dd00000, 0x000000008dd00000|100%| E|CS|TAMS 0x000000008dc00000, 0x000000008dc00000| Complete 
| 221|0x000000008dd00000, 0x000000008de00000, 0x000000008de00000|100%| E|CS|TAMS 0x000000008dd00000, 0x000000008dd00000| Complete 
| 222|0x000000008de00000, 0x000000008df00000, 0x000000008df00000|100%| E|CS|TAMS 0x000000008de00000, 0x000000008de00000| Complete 
| 223|0x000000008df00000, 0x000000008e000000, 0x000000008e000000|100%| E|CS|TAMS 0x000000008df00000, 0x000000008df00000| Complete 
| 224|0x000000008e000000, 0x000000008e100000, 0x000000008e100000|100%| E|CS|TAMS 0x000000008e000000, 0x000000008e000000| Complete 
| 225|0x000000008e100000, 0x000000008e200000, 0x000000008e200000|100%| E|CS|TAMS 0x000000008e100000, 0x000000008e100000| Complete 
| 226|0x000000008e200000, 0x000000008e300000, 0x000000008e300000|100%| E|CS|TAMS 0x000000008e200000, 0x000000008e200000| Complete 
| 227|0x000000008e300000, 0x000000008e400000, 0x000000008e400000|100%| E|CS|TAMS 0x000000008e300000, 0x000000008e300000| Complete 
| 228|0x000000008e400000, 0x000000008e500000, 0x000000008e500000|100%| E|CS|TAMS 0x000000008e400000, 0x000000008e400000| Complete 
| 229|0x000000008e500000, 0x000000008e600000, 0x000000008e600000|100%| E|CS|TAMS 0x000000008e500000, 0x000000008e500000| Complete 
| 230|0x000000008e600000, 0x000000008e700000, 0x000000008e700000|100%| E|CS|TAMS 0x000000008e600000, 0x000000008e600000| Complete 
| 231|0x000000008e700000, 0x000000008e800000, 0x000000008e800000|100%| E|CS|TAMS 0x000000008e700000, 0x000000008e700000| Complete 
| 232|0x000000008e800000, 0x000000008e900000, 0x000000008e900000|100%| E|CS|TAMS 0x000000008e800000, 0x000000008e800000| Complete 
| 233|0x000000008e900000, 0x000000008ea00000, 0x000000008ea00000|100%| E|CS|TAMS 0x000000008e900000, 0x000000008e900000| Complete 
| 234|0x000000008ea00000, 0x000000008eb00000, 0x000000008eb00000|100%| E|CS|TAMS 0x000000008ea00000, 0x000000008ea00000| Complete 
| 235|0x000000008eb00000, 0x000000008ec00000, 0x000000008ec00000|100%| E|CS|TAMS 0x000000008eb00000, 0x000000008eb00000| Complete 
| 236|0x000000008ec00000, 0x000000008ed00000, 0x000000008ed00000|100%| E|CS|TAMS 0x000000008ec00000, 0x000000008ec00000| Complete 
| 237|0x000000008ed00000, 0x000000008ee00000, 0x000000008ee00000|100%| E|CS|TAMS 0x000000008ed00000, 0x000000008ed00000| Complete 
| 238|0x000000008ee00000, 0x000000008ef00000, 0x000000008ef00000|100%| E|CS|TAMS 0x000000008ee00000, 0x000000008ee00000| Complete 
| 239|0x000000008ef00000, 0x000000008f000000, 0x000000008f000000|100%| E|CS|TAMS 0x000000008ef00000, 0x000000008ef00000| Complete 
| 240|0x000000008f000000, 0x000000008f100000, 0x000000008f100000|100%| E|CS|TAMS 0x000000008f000000, 0x000000008f000000| Complete 
| 241|0x000000008f100000, 0x000000008f200000, 0x000000008f200000|100%| E|CS|TAMS 0x000000008f100000, 0x000000008f100000| Complete 
| 242|0x000000008f200000, 0x000000008f300000, 0x000000008f300000|100%| E|CS|TAMS 0x000000008f200000, 0x000000008f200000| Complete 
| 243|0x000000008f300000, 0x000000008f400000, 0x000000008f400000|100%| E|CS|TAMS 0x000000008f300000, 0x000000008f300000| Complete 
| 244|0x000000008f400000, 0x000000008f500000, 0x000000008f500000|100%| E|CS|TAMS 0x000000008f400000, 0x000000008f400000| Complete 
| 245|0x000000008f500000, 0x000000008f600000, 0x000000008f600000|100%| E|CS|TAMS 0x000000008f500000, 0x000000008f500000| Complete 
| 246|0x000000008f600000, 0x000000008f700000, 0x000000008f700000|100%| E|CS|TAMS 0x000000008f600000, 0x000000008f600000| Complete 
| 247|0x000000008f700000, 0x000000008f800000, 0x000000008f800000|100%| E|CS|TAMS 0x000000008f700000, 0x000000008f700000| Complete 
| 248|0x000000008f800000, 0x000000008f900000, 0x000000008f900000|100%| E|CS|TAMS 0x000000008f800000, 0x000000008f800000| Complete 
| 249|0x000000008f900000, 0x000000008fa00000, 0x000000008fa00000|100%| E|CS|TAMS 0x000000008f900000, 0x000000008f900000| Complete 
| 250|0x000000008fa00000, 0x000000008fb00000, 0x000000008fb00000|100%| E|CS|TAMS 0x000000008fa00000, 0x000000008fa00000| Complete 
| 251|0x000000008fb00000, 0x000000008fc00000, 0x000000008fc00000|100%| E|CS|TAMS 0x000000008fb00000, 0x000000008fb00000| Complete 
| 252|0x000000008fc00000, 0x000000008fd00000, 0x000000008fd00000|100%| E|CS|TAMS 0x000000008fc00000, 0x000000008fc00000| Complete 
| 253|0x000000008fd00000, 0x000000008fe00000, 0x000000008fe00000|100%| E|CS|TAMS 0x000000008fd00000, 0x000000008fd00000| Complete 

Card table byte_map: [0x00000281ca9d0000,0x00000281cadd0000] _byte_map_base: 0x00000281ca5d0000

Marking Bits (Prev, Next): (CMBitMap*) 0x00000281b534fb70, (CMBitMap*) 0x00000281b534fb38
 Prev Bits: [0x00000281cd1d0000, 0x00000281cf1d0000)
 Next Bits: [0x00000281cb1d0000, 0x00000281cd1d0000)

Polling page: 0x00000281b53f0000

Metaspace:

Usage:
  Non-class:     24.32 MB capacity,    23.90 MB ( 98%) used,   374.20 KB (  2%) free+waste,    57.13 KB ( <1%) overhead. 
      Class:      3.90 MB capacity,     3.65 MB ( 93%) used,   236.38 KB (  6%) free+waste,    28.88 KB ( <1%) overhead. 
       Both:     28.23 MB capacity,    27.55 MB ( 98%) used,   610.57 KB (  2%) free+waste,    86.00 KB ( <1%) overhead. 

Virtual space:
  Non-class space:       26.00 MB reserved,      24.50 MB ( 94%) committed 
      Class space:        1.00 GB reserved,       4.00 MB ( <1%) committed 
             Both:        1.03 GB reserved,      28.50 MB (  3%) committed 

Chunk freelists:
   Non-Class:  52.00 KB
       Class:  2.00 KB
        Both:  54.00 KB

MaxMetaspaceSize: 17179869184.00 GB
CompressedClassSpaceSize: 1.00 GB

CodeHeap 'non-profiled nmethods': size=119168Kb used=1301Kb max_used=1301Kb free=117866Kb
 bounds [0x00000281c21b0000, 0x00000281c2420000, 0x00000281c9610000]
CodeHeap 'profiled nmethods': size=119168Kb used=5805Kb max_used=5805Kb free=113362Kb
 bounds [0x00000281bad50000, 0x00000281bb300000, 0x00000281c21b0000]
CodeHeap 'non-nmethods': size=7424Kb used=2854Kb max_used=2901Kb free=4569Kb
 bounds [0x00000281ba610000, 0x00000281ba8f0000, 0x00000281bad50000]
 total_blobs=3153 nmethods=2643 adapters=418
 compilation: enabled
              stopped_count=0, restarted_count=0
 full_count=0

Compilation events (20 events):
Event: 4.242 Thread 0x00000281d2c98000 nmethod 2601 0x00000281bb2d8810 code [0x00000281bb2d89e0, 0x00000281bb2d8c58]
Event: 4.242 Thread 0x00000281d2c98000 2604       3       org.objectweb.asm.MethodWriter::visitEnd (1 bytes)
Event: 4.242 Thread 0x00000281d2b2f800 nmethod 2600 0x00000281bb2d8d10 code [0x00000281bb2d8fa0, 0x00000281bb2d9ac8]
Event: 4.242 Thread 0x00000281d2c98000 nmethod 2604 0x00000281bb2d9e10 code [0x00000281bb2d9fc0, 0x00000281bb2da0b8]
Event: 4.242 Thread 0x00000281d2b2f800 2605       3       org.objectweb.asm.MethodWriter::computeMethodInfoSize (571 bytes)
Event: 4.242 Thread 0x00000281d3bd2000 nmethod 2598 0x00000281bb2da190 code [0x00000281bb2da440, 0x00000281bb2db198]
Event: 4.242 Thread 0x00000281d2c98000 2606       3       com.google.common.cache.LocalCache::usesAccessQueue (20 bytes)
Event: 4.242 Thread 0x00000281d3bd2000 2607       3       java.util.concurrent.locks.AbstractQueuedSynchronizer::acquire (27 bytes)
Event: 4.242 Thread 0x00000281d2c98000 nmethod 2606 0x00000281bb2db690 code [0x00000281bb2db860, 0x00000281bb2dbb98]
Event: 4.242 Thread 0x00000281d3bd2000 nmethod 2607 0x00000281bb2dbc90 code [0x00000281bb2dbe80, 0x00000281bb2dc258]
Event: 4.242 Thread 0x00000281d4234000 nmethod 2602 0x00000281bb2dc390 code [0x00000281bb2dc6e0, 0x00000281bb2ddb48]
Event: 4.243 Thread 0x00000281d2b2f800 nmethod 2605 0x00000281bb2de610 code [0x00000281bb2de960, 0x00000281bb2df968]
Event: 4.243 Thread 0x00000281d2c98000 2608       3       java.lang.Class::copyMethods (36 bytes)
Event: 4.244 Thread 0x00000281d2c98000 nmethod 2608 0x00000281bb2e0090 code [0x00000281bb2e02e0, 0x00000281bb2e0cb8]
Event: 4.244 Thread 0x00000281d3bd2000 2610       3       org.gradle.internal.instantiation.generator.AbstractClassGenerator$ClassGenerationHandler::visitProperty (1 bytes)
Event: 4.244 Thread 0x00000281d3bd2000 nmethod 2610 0x00000281bb2e1010 code [0x00000281bb2e11c0, 0x00000281bb2e12b8]
Event: 4.244 Thread 0x00000281d4234000 2611       3       org.objectweb.asm.MethodWriter::visitFieldInsn (258 bytes)
Event: 4.244 Thread 0x00000281d2b2f800 2612       3       org.objectweb.asm.SymbolTable::addConstantFieldref (10 bytes)
Event: 4.244 Thread 0x00000281d2b2f800 nmethod 2612 0x00000281bb2e1390 code [0x00000281bb2e1540, 0x00000281bb2e1688]
Event: 4.245 Thread 0x00000281d4234000 nmethod 2611 0x00000281bb2e1790 code [0x00000281bb2e1a00, 0x00000281bb2e2608]

GC Heap History (6 events):
Event: 0.653 GC heap before
{Heap before GC invocations=0 (full 0):
 garbage-first heap   total 260096K, used 29696K [0x0000000080000000, 0x0000000100000000)
  region size 1024K, 24 young (24576K), 0 survivors (0K)
 Metaspace       used 10211K, capacity 10467K, committed 10624K, reserved 1058816K
  class space    used 1059K, capacity 1106K, committed 1152K, reserved 1048576K
}
Event: 0.657 GC heap after
{Heap after GC invocations=1 (full 0):
 garbage-first heap   total 260096K, used 9418K [0x0000000080000000, 0x0000000100000000)
  region size 1024K, 3 young (3072K), 3 survivors (3072K)
 Metaspace       used 10211K, capacity 10467K, committed 10624K, reserved 1058816K
  class space    used 1059K, capacity 1106K, committed 1152K, reserved 1048576K
}
Event: 3.011 GC heap before
{Heap before GC invocations=1 (full 0):
 garbage-first heap   total 260096K, used 106698K [0x0000000080000000, 0x0000000100000000)
  region size 1024K, 99 young (101376K), 3 survivors (3072K)
 Metaspace       used 20602K, capacity 21104K, committed 21248K, reserved 1067008K
  class space    used 2499K, capacity 2690K, committed 2816K, reserved 1048576K
}
Event: 3.019 GC heap after
{Heap after GC invocations=2 (full 0):
 garbage-first heap   total 260096K, used 16619K [0x0000000080000000, 0x0000000100000000)
  region size 1024K, 11 young (11264K), 11 survivors (11264K)
 Metaspace       used 20602K, capacity 21104K, committed 21248K, reserved 1067008K
  class space    used 2499K, capacity 2690K, committed 2816K, reserved 1048576K
}
Event: 3.500 GC heap before
{Heap before GC invocations=3 (full 0):
 garbage-first heap   total 260096K, used 54507K [0x0000000080000000, 0x0000000100000000)
  region size 1024K, 48 young (49152K), 11 survivors (11264K)
 Metaspace       used 24317K, capacity 24966K, committed 25088K, reserved 1071104K
  class space    used 3113K, capacity 3321K, committed 3328K, reserved 1048576K
}
Event: 3.505 GC heap after
{Heap after GC invocations=4 (full 0):
 garbage-first heap   total 260096K, used 17865K [0x0000000080000000, 0x0000000100000000)
  region size 1024K, 2 young (2048K), 2 survivors (2048K)
 Metaspace       used 24317K, capacity 24966K, committed 25088K, reserved 1071104K
  class space    used 3113K, capacity 3321K, committed 3328K, reserved 1048576K
}

Deoptimization events (20 events):
Event: 3.649 Thread 0x00000281d41fb000 Uncommon trap: trap_request=0xffffffde fr.pc=0x00000281c22aa8e0 relative=0x0000000000000320
Event: 3.649 Thread 0x00000281d41fb000 Uncommon trap: reason=class_check action=maybe_recompile pc=0x00000281c22aa8e0 method=java.util.Collections$SetFromMap.remove(Ljava/lang/Object;)Z @ 5 c2
Event: 3.649 Thread 0x00000281d41fb000 DEOPT PACKING pc=0x00000281c22aa8e0 sp=0x000000fa9a3fc5b0
Event: 3.649 Thread 0x00000281d41fb000 DEOPT UNPACKING pc=0x00000281ba6378af sp=0x000000fa9a3fc598 mode 2
Event: 3.649 Thread 0x00000281d41fb000 Uncommon trap: trap_request=0xffffffde fr.pc=0x00000281c22aa8e0 relative=0x0000000000000320
Event: 3.649 Thread 0x00000281d41fb000 Uncommon trap: reason=class_check action=maybe_recompile pc=0x00000281c22aa8e0 method=java.util.Collections$SetFromMap.remove(Ljava/lang/Object;)Z @ 5 c2
Event: 3.649 Thread 0x00000281d41fb000 DEOPT PACKING pc=0x00000281c22aa8e0 sp=0x000000fa9a3fc530
Event: 3.649 Thread 0x00000281d41fb000 DEOPT UNPACKING pc=0x00000281ba6378af sp=0x000000fa9a3fc518 mode 2
Event: 3.696 Thread 0x00000281d41fb000 Uncommon trap: trap_request=0xffffff4d fr.pc=0x00000281c21d5434 relative=0x00000000000004f4
Event: 3.696 Thread 0x00000281d41fb000 Uncommon trap: reason=unstable_if action=reinterpret pc=0x00000281c21d5434 method=java.util.Properties$LineReader.readLine()I @ 249 c2
Event: 3.696 Thread 0x00000281d41fb000 DEOPT PACKING pc=0x00000281c21d5434 sp=0x000000fa9a3fb9e0
Event: 3.696 Thread 0x00000281d41fb000 DEOPT UNPACKING pc=0x00000281ba6378af sp=0x000000fa9a3fb970 mode 2
Event: 4.078 Thread 0x00000281d41fb000 Uncommon trap: trap_request=0xffffff4d fr.pc=0x00000281c22ba34c relative=0x000000000000020c
Event: 4.078 Thread 0x00000281d41fb000 Uncommon trap: reason=unstable_if action=reinterpret pc=0x00000281c22ba34c method=java.util.HashMap.hash(Ljava/lang/Object;)I @ 1 c2
Event: 4.078 Thread 0x00000281d41fb000 DEOPT PACKING pc=0x00000281c22ba34c sp=0x000000fa9a3f9330
Event: 4.078 Thread 0x00000281d41fb000 DEOPT UNPACKING pc=0x00000281ba6378af sp=0x000000fa9a3f9268 mode 2
Event: 4.078 Thread 0x00000281d41fb000 Uncommon trap: trap_request=0xffffff4d fr.pc=0x00000281c22b002c relative=0x000000000000008c
Event: 4.078 Thread 0x00000281d41fb000 Uncommon trap: reason=unstable_if action=reinterpret pc=0x00000281c22b002c method=java.util.HashMap.hash(Ljava/lang/Object;)I @ 1 c2
Event: 4.078 Thread 0x00000281d41fb000 DEOPT PACKING pc=0x00000281c22b002c sp=0x000000fa9a3f90b0
Event: 4.078 Thread 0x00000281d41fb000 DEOPT UNPACKING pc=0x00000281ba6378af sp=0x000000fa9a3f9048 mode 2

Classes redefined (0 events):
No events

Internal exceptions (20 events):
Event: 3.043 Thread 0x00000281d41fb000 Exception <a 'java/lang/NoSuchMethodError'{0x000000008fc9beb0}: 'void java.lang.invoke.DirectMethodHandle$Holder.invokeStatic(java.lang.Object, java.lang.Object, java.lang.Object, java.lang.Object, java.lang.Object)'> (0x000000008fc9beb0) thrown at [./src/hotspot/share/interpreter/linkResolver.cpp, line 773]
Event: 3.102 Thread 0x00000281d41fb000 Exception <a 'java/lang/NoSuchMethodError'{0x000000008f733af8}: 'void java.lang.invoke.DirectMethodHandle$Holder.invokeSpecial(java.lang.Object, java.lang.Object)'> (0x000000008f733af8) thrown at [./src/hotspot/share/interpreter/linkResolver.cpp, line 773]
Event: 3.131 Thread 0x00000281d41fb000 Exception <a 'java/lang/NoSuchMethodError'{0x000000008f566908}: 'java.lang.Object java.lang.invoke.DirectMethodHandle$Holder.invokeSpecial(java.lang.Object, java.lang.Object, java.lang.Object, java.lang.Object, java.lang.Object, java.lang.Object, java.lang.Object, java.lang.Object, java.lang.Object)'> (0x000000008f566908) thrown at [./src/hotspot/share/interpreter/linkResolver.cpp, line 773]
Event: 3.200 Thread 0x00000281d41fb000 Exception <a 'java/lang/NoSuchMethodError'{0x000000008eb40b28}: 'java.lang.Object java.lang.invoke.DirectMethodHandle$Holder.invokeVirtual(java.lang.Object, java.lang.Object, java.lang.Object, java.lang.Object)'> (0x000000008eb40b28) thrown at [./src/hotspot/share/interpreter/linkResolver.cpp, line 773]
Event: 3.217 Thread 0x00000281d41fb000 Exception <a 'java/lang/NoSuchMethodError'{0x000000008e809490}: 'java.lang.Object java.lang.invoke.Invokers$Holder.invoker(java.lang.Object, java.lang.Object, java.lang.Object, java.lang.Object, java.lang.Object)'> (0x000000008e809490) thrown at [./src/hotspot/share/interpreter/linkResolver.cpp, line 773]
Event: 3.296 Thread 0x00000281d41fb000 Exception <a 'java/lang/NoSuchMethodError'{0x000000008e482bd8}: 'void java.lang.invoke.DirectMethodHandle$Holder.invokeSpecial(java.lang.Object, java.lang.Object, java.lang.Object, java.lang.Object, java.lang.Object, java.lang.Object)'> (0x000000008e482bd8) thrown at [./src/hotspot/share/interpreter/linkResolver.cpp, line 773]
Event: 3.333 Thread 0x00000281d41fb000 Exception <a 'java/lang/NoSuchMethodError'{0x000000008e4e8168}: 'void java.lang.invoke.DirectMethodHandle$Holder.invokeSpecial(java.lang.Object, java.lang.Object, java.lang.Object, java.lang.Object, java.lang.Object, java.lang.Object, java.lang.Object)'> (0x000000008e4e8168) thrown at [./src/hotspot/share/interpreter/linkResolver.cpp, line 773]
Event: 3.333 Thread 0x00000281d41fb000 Exception <a 'java/lang/NoSuchMethodError'{0x000000008e4f03b0}: 'java.lang.Object java.lang.invoke.Invokers$Holder.linkToTargetMethod(java.lang.Object, java.lang.Object, java.lang.Object, java.lang.Object, java.lang.Object, java.lang.Object)'> (0x000000008e4f03b0) thrown at [./src/hotspot/share/interpreter/linkResolver.cpp, line 773]
Event: 3.533 Thread 0x00000281d41fb000 Exception <a 'java/lang/NoSuchMethodError'{0x000000008fbb8180}: 'void java.lang.invoke.DirectMethodHandle$Holder.invokeStaticInit(java.lang.Object, java.lang.Object)'> (0x000000008fbb8180) thrown at [./src/hotspot/share/interpreter/linkResolver.cpp, line 773]
Event: 3.640 Thread 0x00000281d41fb000 Exception <a 'java/lang/NoSuchMethodError'{0x000000008f41ac58}: 'void java.lang.invoke.DirectMethodHandle$Holder.invokeStatic(java.lang.Object, java.lang.Object, java.lang.Object, java.lang.Object)'> (0x000000008f41ac58) thrown at [./src/hotspot/share/interpreter/linkResolver.cpp, line 773]
Event: 3.643 Thread 0x00000281d41fb000 Exception <a 'java/lang/NoSuchMethodError'{0x000000008f42e778}: 'int java.lang.invoke.DirectMethodHandle$Holder.invokeInterface(java.lang.Object, java.lang.Object)'> (0x000000008f42e778) thrown at [./src/hotspot/share/interpreter/linkResolver.cpp, line 773]
Event: 3.909 Thread 0x00000281d41fb000 Exception <a 'java/lang/NoSuchMethodError'{0x000000008e84ad48}: 'java.lang.Object java.lang.invoke.DirectMethodHandle$Holder.invokeSpecialIFC(java.lang.Object, java.lang.Object, java.lang.Object, java.lang.Object)'> (0x000000008e84ad48) thrown at [./src/hotspot/share/interpreter/linkResolver.cpp, line 773]
Event: 3.916 Thread 0x00000281d41fb000 Exception <a 'java/lang/NoSuchMethodError'{0x000000008e72c160}: 'java.lang.Object java.lang.invoke.DirectMethodHandle$Holder.invokeSpecial(java.lang.Object, java.lang.Object, java.lang.Object, java.lang.Object, java.lang.Object, java.lang.Object, java.lang.Object, java.lang.Object, java.lang.Object, java.lang.Object, java.lang.Object, java.lang.Object, java.lang.Object)'> (0x000000008e72c160) thrown at [./src/hotspot/share/interpreter/linkResolver.cpp, line 773]
Event: 3.916 Thread 0x00000281d41fb000 Exception <a 'java/lang/NoSuchMethodError'{0x000000008e73d3e8}: 'java.lang.Object java.lang.invoke.DirectMethodHandle$Holder.invokeSpecial(java.lang.Object, java.lang.Object, java.lang.Object, java.lang.Object, java.lang.Object, java.lang.Object, java.lang.Object, java.lang.Object, java.lang.Object, java.lang.Object, java.lang.Object, java.lang.Object)'> (0x000000008e73d3e8) thrown at [./src/hotspot/share/interpreter/linkResolver.cpp, line 773]
Event: 3.917 Thread 0x00000281d41fb000 Exception <a 'java/lang/NoSuchMethodError'{0x000000008e742510}: 'java.lang.Object java.lang.invoke.Invokers$Holder.linkToTargetMethod(java.lang.Object, java.lang.Object, java.lang.Object, java.lang.Object, java.lang.Object, java.lang.Object, java.lang.Object, java.lang.Object, java.lang.Object, java.lang.Object, java.lang.Object)'> (0x000000008e742510) thrown at [./src/hotspot/share/interpreter/linkResolver.cpp, line 773]
Event: 3.925 Thread 0x00000281d41fb000 Exception <a 'java/lang/NoSuchMethodError'{0x000000008e690790}: 'java.lang.Object java.lang.invoke.DirectMethodHandle$Holder.invokeSpecial(java.lang.Object, java.lang.Object, java.lang.Object, java.lang.Object, java.lang.Object, java.lang.Object, java.lang.Object, java.lang.Object, java.lang.Object, java.lang.Object, java.lang.Object, java.lang.Object, java.lang.Object, java.lang.Object)'> (0x000000008e690790) thrown at [./src/hotspot/share/interpreter/linkResolver.cpp, line 773]
Event: 3.926 Thread 0x00000281d41fb000 Exception <a 'java/lang/NoSuchMethodError'{0x000000008e6a1d88}: 'java.lang.Object java.lang.invoke.Invokers$Holder.linkToTargetMethod(java.lang.Object, java.lang.Object, java.lang.Object, java.lang.Object, java.lang.Object, java.lang.Object, java.lang.Object, java.lang.Object, java.lang.Object, java.lang.Object, java.lang.Object, java.lang.Object)'> (0x000000008e6a1d88) thrown at [./src/hotspot/share/interpreter/linkResolver.cpp, line 773]
Event: 3.930 Thread 0x00000281d41fb000 Exception <a 'java/lang/NoSuchMethodError'{0x000000008e536790}: 'java.lang.Object java.lang.invoke.DirectMethodHandle$Holder.invokeStaticInit(java.lang.Object, java.lang.Object, java.lang.Object, java.lang.Object)'> (0x000000008e536790) thrown at [./src/hotspot/share/interpreter/linkResolver.cpp, line 773]
Event: 4.078 Thread 0x00000281d41fb000 Implicit null exception at 0x00000281c22ba175 to 0x00000281c22ba33c
Event: 4.078 Thread 0x00000281d41fb000 Implicit null exception at 0x00000281c22affaf to 0x00000281c22b001d

Events (20 events):
Event: 4.238 loading class org/gradle/api/Transformer done
Event: 4.239 Thread 0x00000281d5b1b800 Thread added: 0x00000281d5b1b800
Event: 4.240 loading class org/gradle/api/attributes/Category
Event: 4.240 loading class org/gradle/api/attributes/Category done
Event: 4.241 loading class org/gradle/api/internal/artifacts/ComponentMetadataProcessor
Event: 4.241 loading class org/gradle/api/internal/artifacts/ComponentMetadataProcessor done
Event: 4.242 loading class org/gradle/internal/rules/RuleActionValidator
Event: 4.242 loading class org/gradle/internal/rules/RuleActionValidator done
Event: 4.242 loading class org/gradle/internal/rules/RuleActionAdapter
Event: 4.242 loading class org/gradle/internal/rules/RuleActionAdapter done
Event: 4.243 loading class org/gradle/internal/rules/SpecRuleAction
Event: 4.243 loading class org/gradle/internal/rules/SpecRuleAction done
Event: 4.243 loading class org/gradle/api/internal/artifacts/dsl/SpecConfigurableRule
Event: 4.243 loading class org/gradle/api/internal/artifacts/dsl/SpecConfigurableRule done
Event: 4.243 loading class org/gradle/internal/rules/RuleAction
Event: 4.243 loading class org/gradle/internal/rules/RuleAction done
Event: 4.243 loading class org/gradle/internal/action/ConfigurableRule
Event: 4.243 loading class org/gradle/internal/action/ConfigurableRule done
Event: 4.243 loading class org/gradle/api/internal/artifacts/dsl/ComponentMetadataRuleContainer
Event: 4.243 loading class org/gradle/api/internal/artifacts/dsl/ComponentMetadataRuleContainer done


Dynamic libraries:
0x00007ff6972e0000 - 0x00007ff6972ea000 	D:\Android\Android Studio\jre\bin\java.exe
0x00007ffdc78b0000 - 0x00007ffdc7aa5000 	C:\windows\SYSTEM32\ntdll.dll
0x00007ffdc67f0000 - 0x00007ffdc68ae000 	C:\windows\System32\KERNEL32.DLL
0x00007ffdc5070000 - 0x00007ffdc5338000 	C:\windows\System32\KERNELBASE.dll
0x00007ffdc55f0000 - 0x00007ffdc56f0000 	C:\windows\System32\ucrtbase.dll
0x00007ffd932f0000 - 0x00007ffd93309000 	D:\Android\Android Studio\jre\bin\jli.dll
0x00007ffdc59d0000 - 0x00007ffdc5b71000 	C:\windows\System32\USER32.dll
0x00007ffdc5370000 - 0x00007ffdc5392000 	C:\windows\System32\win32u.dll
0x00007ffdc5eb0000 - 0x00007ffdc5edb000 	C:\windows\System32\GDI32.dll
0x00007ffdc53f0000 - 0x00007ffdc54fb000 	C:\windows\System32\gdi32full.dll
0x00007ffdc4fd0000 - 0x00007ffdc506d000 	C:\windows\System32\msvcp_win.dll
0x00007ffd91470000 - 0x00007ffd91487000 	D:\Android\Android Studio\jre\bin\VCRUNTIME140.dll
0x00007ffda3c70000 - 0x00007ffda3f0a000 	C:\windows\WinSxS\amd64_microsoft.windows.common-controls_6595b64144ccf1df_6.0.19041.1110_none_60b5254171f9507e\COMCTL32.dll
0x00007ffdc7770000 - 0x00007ffdc780e000 	C:\windows\System32\msvcrt.dll
0x00007ffdc5be0000 - 0x00007ffdc5c10000 	C:\windows\System32\IMM32.DLL
0x00007ffd784a0000 - 0x00007ffd7853d000 	D:\Android\Android Studio\jre\bin\msvcp140.dll
0x00007ffd23d30000 - 0x00007ffd247ff000 	D:\Android\Android Studio\jre\bin\server\jvm.dll
0x00007ffdc6250000 - 0x00007ffdc62fc000 	C:\windows\System32\ADVAPI32.dll
0x00007ffdc76d0000 - 0x00007ffdc776b000 	C:\windows\System32\sechost.dll
0x00007ffdc75a0000 - 0x00007ffdc76ca000 	C:\windows\System32\RPCRT4.dll
0x00007ffdc60b0000 - 0x00007ffdc60b8000 	C:\windows\System32\PSAPI.DLL
0x00007ffd97110000 - 0x00007ffd97119000 	C:\windows\SYSTEM32\WSOCK32.dll
0x00007ffdb3500000 - 0x00007ffdb3527000 	C:\windows\SYSTEM32\WINMM.dll
0x00007ffdb98d0000 - 0x00007ffdb98da000 	C:\windows\SYSTEM32\VERSION.dll
0x00007ffdc68b0000 - 0x00007ffdc691b000 	C:\windows\System32\WS2_32.dll
0x00007ffdc3880000 - 0x00007ffdc3892000 	C:\windows\SYSTEM32\kernel.appcore.dll
0x00007ffdba5c0000 - 0x00007ffdba5d1000 	D:\Android\Android Studio\jre\bin\verify.dll
0x00007ffdbfc10000 - 0x00007ffdbfdf4000 	C:\windows\SYSTEM32\DBGHELP.DLL
0x00007ffda2890000 - 0x00007ffda28bc000 	C:\windows\SYSTEM32\dbgcore.DLL
0x00007ffdc5500000 - 0x00007ffdc5583000 	C:\windows\System32\bcryptPrimitives.dll
0x00007ffd975f0000 - 0x00007ffd97619000 	D:\Android\Android Studio\jre\bin\java.dll
0x00007ffdbd980000 - 0x00007ffdbd98b000 	D:\Android\Android Studio\jre\bin\jimage.dll
0x00007ffdb95f0000 - 0x00007ffdb9608000 	D:\Android\Android Studio\jre\bin\zip.dll
0x00007ffdc6e60000 - 0x00007ffdc759f000 	C:\windows\System32\SHELL32.dll
0x00007ffdc30b0000 - 0x00007ffdc3840000 	C:\windows\SYSTEM32\windows.storage.dll
0x00007ffdc6920000 - 0x00007ffdc6c75000 	C:\windows\System32\combase.dll
0x00007ffdc4a20000 - 0x00007ffdc4a4e000 	C:\windows\SYSTEM32\Wldp.dll
0x00007ffdc6000000 - 0x00007ffdc60ad000 	C:\windows\System32\SHCORE.dll
0x00007ffdc60c0000 - 0x00007ffdc6115000 	C:\windows\System32\shlwapi.dll
0x00007ffdc4f10000 - 0x00007ffdc4f2f000 	C:\windows\SYSTEM32\profapi.dll
0x00007ffd97650000 - 0x00007ffd9766a000 	D:\Android\Android Studio\jre\bin\net.dll
0x00007ffdb0320000 - 0x00007ffdb042c000 	C:\windows\SYSTEM32\WINHTTP.dll
0x00007ffdc4780000 - 0x00007ffdc47ea000 	C:\windows\system32\mswsock.dll
0x00007ffd97320000 - 0x00007ffd97334000 	D:\Android\Android Studio\jre\bin\nio.dll
0x00007ffd92480000 - 0x00007ffd924a7000 	C:\Users\kaywo\.gradle\native\8bec1ad78214c89d9ad589b4d07fe93259594b29d510b10fafb7a158f7737e5d\windows-amd64\native-platform.dll
0x00007ffd70c20000 - 0x00007ffd70d5d000 	C:\Users\kaywo\.gradle\native\53dbd7edfb1c66fb8903c78663c9afc45aea4f116125fa6feffd364cf09443e8\windows-amd64\native-platform-file-events.dll
0x00007ffdbcae0000 - 0x00007ffdbcaea000 	D:\Android\Android Studio\jre\bin\management.dll
0x00007ffdba580000 - 0x00007ffdba58c000 	D:\Android\Android Studio\jre\bin\management_ext.dll
0x00007ffdc4980000 - 0x00007ffdc4998000 	C:\windows\SYSTEM32\CRYPTSP.dll
0x00007ffdc4090000 - 0x00007ffdc40c4000 	C:\windows\system32\rsaenh.dll
0x00007ffdc5340000 - 0x00007ffdc5367000 	C:\windows\System32\bcrypt.dll
0x00007ffdc4e90000 - 0x00007ffdc4ebe000 	C:\windows\SYSTEM32\USERENV.dll
0x00007ffdc4970000 - 0x00007ffdc497c000 	C:\windows\SYSTEM32\CRYPTBASE.dll
0x00007ffdc4420000 - 0x00007ffdc445b000 	C:\windows\SYSTEM32\IPHLPAPI.DLL
0x00007ffdc67e0000 - 0x00007ffdc67e8000 	C:\windows\System32\NSI.dll
0x00007ffdb9430000 - 0x00007ffdb9447000 	C:\windows\SYSTEM32\dhcpcsvc6.DLL
0x00007ffdb97c0000 - 0x00007ffdb97dd000 	C:\windows\SYSTEM32\dhcpcsvc.DLL
0x00007ffdc4460000 - 0x00007ffdc452b000 	C:\windows\SYSTEM32\DNSAPI.dll

dbghelp: loaded successfully - version: 4.0.5 - missing functions: none
symbol engine: initialized successfully - sym options: 0x614 - pdb path: .;D:\Android\Android Studio\jre\bin;C:\windows\SYSTEM32;C:\windows\WinSxS\amd64_microsoft.windows.common-controls_6595b64144ccf1df_6.0.19041.1110_none_60b5254171f9507e;D:\Android\Android Studio\jre\bin\server;C:\Users\kaywo\.gradle\native\8bec1ad78214c89d9ad589b4d07fe93259594b29d510b10fafb7a158f7737e5d\windows-amd64;C:\Users\kaywo\.gradle\native\53dbd7edfb1c66fb8903c78663c9afc45aea4f116125fa6feffd364cf09443e8\windows-amd64

VM Arguments:
jvm_args: --add-opens=java.base/java.util=ALL-UNNAMED --add-opens=java.base/java.lang=ALL-UNNAMED --add-opens=java.base/java.lang.invoke=ALL-UNNAMED --add-opens=java.base/java.util=ALL-UNNAMED --add-opens=java.prefs/java.util.prefs=ALL-UNNAMED --add-opens=java.prefs/java.util.prefs=ALL-UNNAMED --add-opens=java.base/java.nio.charset=ALL-UNNAMED --add-opens=java.base/java.net=ALL-UNNAMED --add-opens=java.base/java.util.concurrent.atomic=ALL-UNNAMED -Xmx2048m -Dfile.encoding=UTF-8 -Duser.country=CN -Duser.language=zh -Duser.variant 
java_command: org.gradle.launcher.daemon.bootstrap.GradleDaemon 7.0.2
java_class_path (initial): C:\Users\kaywo\.gradle\wrapper\dists\gradle-7.0.2-bin\857tjihv64xamwrf0h14cai3r\gradle-7.0.2\lib\gradle-launcher-7.0.2.jar
Launcher Type: SUN_STANDARD

[Global flags]
     intx CICompilerCount                          = 12                                        {product} {ergonomic}
     uint ConcGCThreads                            = 3                                         {product} {ergonomic}
     uint G1ConcRefinementThreads                  = 13                                        {product} {ergonomic}
   size_t G1HeapRegionSize                         = 1048576                                   {product} {ergonomic}
    uintx GCDrainStackTargetSize                   = 64                                        {product} {ergonomic}
   size_t InitialHeapSize                          = 266338304                                 {product} {ergonomic}
   size_t MarkStackSize                            = 4194304                                   {product} {ergonomic}
   size_t MaxHeapSize                              = 2147483648                                {product} {command line}
   size_t MaxNewSize                               = 1287651328                                {product} {ergonomic}
   size_t MinHeapDeltaBytes                        = 1048576                                   {product} {ergonomic}
    uintx NonNMethodCodeHeapSize                   = 7594288                                {pd product} {ergonomic}
    uintx NonProfiledCodeHeapSize                  = 122031976                              {pd product} {ergonomic}
    uintx ProfiledCodeHeapSize                     = 122031976                              {pd product} {ergonomic}
    uintx ReservedCodeCacheSize                    = 251658240                              {pd product} {ergonomic}
     bool SegmentedCodeCache                       = true                                      {product} {ergonomic}
     bool UseCompressedClassPointers               = true                                 {lp64_product} {ergonomic}
     bool UseCompressedOops                        = true                                 {lp64_product} {ergonomic}
     bool UseG1GC                                  = true                                      {product} {ergonomic}
     bool UseLargePagesIndividualAllocation        = false                                  {pd product} {ergonomic}

Logging:
Log output configuration:
 #0: stdout all=warning uptime,level,tags
 #1: stderr all=off uptime,level,tags

Environment Variables:
JAVA_HOME=C:\Program Files\Java\jdk1.8.0_281
PATH=C:\Program Files (x86)\Common Files\Oracle\Java\javapath;C:\Program Files\Java\jdk1.8.0_281\bin;C:\Program Files\Java\jdk1.8.0_281\jre\bin;C:\windows\system32;C:\windows;C:\windows\System32\Wbem;C:\windows\System32\WindowsPowerShell\v1.0\;C:\windows\System32\OpenSSH\;C:\Program Files (x86)\NVIDIA Corporation\PhysX\Common;C:\Program Files\NVIDIA Corporation\NVIDIA NvDLISR;C:\Program Files\Git\cmd;C:\Users\kaywo\AppData\Local\Microsoft\WindowsApps;
USERNAME=kaywo
OS=Windows_NT
PROCESSOR_IDENTIFIER=Intel64 Family 6 Model 165 Stepping 2, GenuineIntel



---------------  S Y S T E M  ---------------

OS: Windows 10 , 64 bit Build 19041 (10.0.19041.1348)
OS uptime: 1 days 0:24 hours

CPU:total 16 (initial active 16) (8 cores per cpu, 2 threads per core) family 6 model 165 stepping 2 microcode 0xc8, cmov, cx8, fxsr, mmx, sse, sse2, sse3, ssse3, sse4.1, sse4.2, popcnt, avx, avx2, aes, clmul, erms, 3dnowpref, lzcnt, ht, tsc, tscinvbit, bmi1, bmi2, adx, fma

Memory: 4k page, system-wide physical 16149M (419M free)
TotalPageFile size 65301M (AvailPageFile size 0M)
current process WorkingSet (physical memory assigned to process): 261M, peak: 267M
current process commit charge ("private bytes"): 443M, peak: 450M

vm_info: OpenJDK 64-Bit Server VM (11.0.10+0-b96-7249189) for windows-amd64 JRE (11.0.10+0-b96-7249189), built on Mar 31 2021 21:44:00 by "builder" with MS VC++ 14.0 (VS2015)

END.
